[debug] [2021-01-19T13:54:51.641Z] ----------------------------------------------------------------------
[debug] [2021-01-19T13:54:51.643Z] Command:       C:\Program Files\nodejs\node.exe C:\Users\vikto\AppData\Roaming\npm\node_modules\firebase-tools\lib\bin\firebase.js serve --only hosting
[debug] [2021-01-19T13:54:51.643Z] CLI Version:   8.14.0
[debug] [2021-01-19T13:54:51.643Z] Platform:      win32
[debug] [2021-01-19T13:54:51.644Z] Node Version:  v12.18.3
[debug] [2021-01-19T13:54:51.645Z] Time:          Tue Jan 19 2021 14:54:51 GMT+0100 (GMT+01:00)
[debug] [2021-01-19T13:54:51.645Z] ----------------------------------------------------------------------
[debug] [2021-01-19T13:54:51.645Z] 
[debug] [2021-01-19T13:54:51.654Z] > command requires scopes: ["email","openid","https://www.googleapis.com/auth/cloudplatformprojects.readonly","https://www.googleapis.com/auth/firebase","https://www.googleapis.com/auth/cloud-platform"]
[debug] [2021-01-19T13:54:51.655Z] > authorizing via signed-in user
[debug] [2021-01-19T13:54:51.655Z] [iam] checking project ostra-2455d for permissions ["firebase.projects.get"]
[debug] [2021-01-19T13:54:51.656Z] > refreshing access token with scopes: ["email","https://www.googleapis.com/auth/cloud-platform","https://www.googleapis.com/auth/cloudplatformprojects.readonly","https://www.googleapis.com/auth/firebase","openid"]
[debug] [2021-01-19T13:54:51.657Z] >>> HTTP REQUEST POST https://www.googleapis.com/oauth2/v3/token  
 <request body omitted>
[debug] [2021-01-19T13:54:51.904Z] <<< HTTP RESPONSE 200 {"pragma":"no-cache","cache-control":"no-cache, no-store, max-age=0, must-revalidate","date":"Tue, 19 Jan 2021 13:54:51 GMT","expires":"Mon, 01 Jan 1990 00:00:00 GMT","content-type":"application/json; charset=utf-8","vary":"X-Origin, Referer, Origin,Accept-Encoding","server":"scaffolding on HTTPServer2","x-xss-protection":"0","x-frame-options":"SAMEORIGIN","x-content-type-options":"nosniff","alt-svc":"h3-29=\":443\"; ma=2592000,h3-T051=\":443\"; ma=2592000,h3-Q050=\":443\"; ma=2592000,h3-Q046=\":443\"; ma=2592000,h3-Q043=\":443\"; ma=2592000,quic=\":443\"; ma=2592000; v=\"46,43\"","accept-ranges":"none","transfer-encoding":"chunked"}
[debug] [2021-01-19T13:54:51.908Z] >>> HTTP REQUEST POST https://cloudresourcemanager.googleapis.com/v1/projects/ostra-2455d:testIamPermissions  
 {"permissions":["firebase.projects.get"]}
[debug] [2021-01-19T13:54:52.785Z] <<< HTTP RESPONSE 200 {"content-type":"application/json; charset=UTF-8","vary":"X-Origin, Referer, Origin,Accept-Encoding","date":"Tue, 19 Jan 2021 13:54:52 GMT","server":"ESF","cache-control":"private","x-xss-protection":"0","x-frame-options":"SAMEORIGIN","x-content-type-options":"nosniff","server-timing":"gfet4t7; dur=717","alt-svc":"h3-29=\":443\"; ma=2592000,h3-T051=\":443\"; ma=2592000,h3-Q050=\":443\"; ma=2592000,h3-Q046=\":443\"; ma=2592000,h3-Q043=\":443\"; ma=2592000,quic=\":443\"; ma=2592000; v=\"46,43\"","accept-ranges":"none","transfer-encoding":"chunked"}
[debug] [2021-01-19T13:54:52.785Z] >>> HTTP REQUEST GET https://firebase.googleapis.com/v1beta1/projects/ostra-2455d  
 
[debug] [2021-01-19T13:54:53.084Z] <<< HTTP RESPONSE 200 {"content-type":"application/json; charset=UTF-8","vary":"X-Origin, Referer, Origin,Accept-Encoding","date":"Tue, 19 Jan 2021 13:54:52 GMT","server":"ESF","cache-control":"private","x-xss-protection":"0","x-frame-options":"SAMEORIGIN","x-content-type-options":"nosniff","alt-svc":"h3-29=\":443\"; ma=2592000,h3-T051=\":443\"; ma=2592000,h3-Q050=\":443\"; ma=2592000,h3-Q046=\":443\"; ma=2592000,h3-Q043=\":443\"; ma=2592000,quic=\":443\"; ma=2592000; v=\"46,43\"","accept-ranges":"none","transfer-encoding":"chunked"}
[debug] [2021-01-19T13:54:53.085Z] >>> HTTP REQUEST GET https://firebase.googleapis.com/v1beta1/projects/ostra-2455d/webApps/-/config  
 
[debug] [2021-01-19T13:54:54.481Z] <<< HTTP RESPONSE 200 {"content-type":"application/json; charset=UTF-8","vary":"X-Origin, Referer, Origin,Accept-Encoding","date":"Tue, 19 Jan 2021 13:54:54 GMT","server":"ESF","cache-control":"private","x-xss-protection":"0","x-frame-options":"SAMEORIGIN","x-content-type-options":"nosniff","alt-svc":"h3-29=\":443\"; ma=2592000,h3-T051=\":443\"; ma=2592000,h3-Q050=\":443\"; ma=2592000,h3-Q046=\":443\"; ma=2592000,h3-Q043=\":443\"; ma=2592000,quic=\":443\"; ma=2592000; v=\"46,43\"","accept-ranges":"none","transfer-encoding":"chunked"}
[warn] !  hosting: Port 5000 is not available. Trying another port... {"metadata":{"emulator":{"name":"hosting"},"message":"\u001b[33mhosting: \u001b[39mPort 5000 is not available. Trying another port..."}}
[info] i  hosting[ostragymnasiet]: Serving hosting files from: ./public {"metadata":{"emulator":{"name":"hosting"},"message":"Serving hosting files from: \u001b[1m./public\u001b[22m"}}
[info] +  hosting[ostragymnasiet]: Local server: http://localhost:5005 {"metadata":{"emulator":{"name":"hosting"},"message":"Local server: \u001b[4m\u001b[1mhttp://localhost:5005\u001b[22m\u001b[24m"}}
